# JRE version: OpenJDK Runtime Environment (8.0_112-b06) (build 1.8.0_112-release-b06)
# Java VM: OpenJDK 64-Bit Server VM (25.112-b06 mixed mode windows-amd64 compressed oops)
Heap:
 PSYoungGen      total 390656K, used 198096K [0x00000000e0000000, 0x00000000fe700000, 0x0000000100000000)
  eden space 282624K, 70% used [0x00000000e0000000,0x00000000ec174380,0x00000000f1400000)
  from space 108032K, 0% used [0x00000000f7d80000,0x00000000f7d80000,0x00000000fe700000)
  to   space 108032K, 0% used [0x00000000f1400000,0x00000000f1400000,0x00000000f7d80000)
 ParOldGen       total 137216K, used 80774K [0x00000000a0000000, 0x00000000a8600000, 0x00000000e0000000)
  object space 137216K, 58% used [0x00000000a0000000,0x00000000a4ee1aa0,0x00000000a8600000)
 Metaspace       used 78441K, capacity 83738K, committed 85888K, reserved 1124352K
  class space    used 9802K, capacity 10504K, committed 11136K, reserved 1048576K
GC Heap History (10 events):
Event: 5664.574 GC heap before
{Heap before GC invocations=63 (full 4):
 PSYoungGen      total 281600K, used 267301K [0x00000000e0000000, 0x00000000f6800000, 0x0000000100000000)
  eden space 209408K, 100% used [0x00000000e0000000,0x00000000ecc80000,0x00000000ecc80000)
  from space 72192K, 80% used [0x00000000f1800000,0x00000000f5089790,0x00000000f5e80000)
  to   space 77312K, 0% used [0x00000000ecc80000,0x00000000ecc80000,0x00000000f1800000)
 ParOldGen       total 135680K, used 105039K [0x00000000a0000000, 0x00000000a8480000, 0x00000000e0000000)
  object space 135680K, 77% used [0x00000000a0000000,0x00000000a6693e30,0x00000000a8480000)
 Metaspace       used 77921K, capacity 83224K, committed 85632K, reserved 1124352K
  class space    used 9748K, capacity 10439K, committed 11136K, reserved 1048576K
Event: 5664.935 GC heap after
Heap after GC invocations=63 (full 4):
 PSYoungGen      total 286720K, used 71678K [0x00000000e0000000, 0x00000000f9880000, 0x0000000100000000)
  eden space 209408K, 0% used [0x00000000e0000000,0x00000000e0000000,0x00000000ecc80000)
  from space 77312K, 92% used [0x00000000ecc80000,0x00000000f127f890,0x00000000f1800000)
  to   space 86528K, 0% used [0x00000000f4400000,0x00000000f4400000,0x00000000f9880000)
 ParOldGen       total 135680K, used 105039K [0x00000000a0000000, 0x00000000a8480000, 0x00000000e0000000)
  object space 135680K, 77% used [0x00000000a0000000,0x00000000a6693e30,0x00000000a8480000)
 Metaspace       used 77921K, capacity 83224K, committed 85632K, reserved 1124352K
  class space    used 9748K, capacity 10439K, committed 11136K, reserved 1048576K
}
Event: 5667.888 GC heap before
{Heap before GC invocations=64 (full 4):
 PSYoungGen      total 286720K, used 281086K [0x00000000e0000000, 0x00000000f9880000, 0x0000000100000000)
  eden space 209408K, 100% used [0x00000000e0000000,0x00000000ecc80000,0x00000000ecc80000)
  from space 77312K, 92% used [0x00000000ecc80000,0x00000000f127f890,0x00000000f1800000)
  to   space 86528K, 0% used [0x00000000f4400000,0x00000000f4400000,0x00000000f9880000)
 ParOldGen       total 135680K, used 105039K [0x00000000a0000000, 0x00000000a8480000, 0x00000000e0000000)
  object space 135680K, 77% used [0x00000000a0000000,0x00000000a6693e30,0x00000000a8480000)
 Metaspace       used 77925K, capacity 83224K, committed 85632K, reserved 1124352K
  class space    used 9749K, capacity 10439K, committed 11136K, reserved 1048576K
Event: 5668.665 GC heap after
Heap after GC invocations=64 (full 4):
 PSYoungGen      total 324608K, used 71512K [0x00000000e0000000, 0x00000000fa780000, 0x0000000100000000)
  eden space 238080K, 0% used [0x00000000e0000000,0x00000000e0000000,0x00000000ee880000)
  from space 86528K, 82% used [0x00000000f4400000,0x00000000f89d63e0,0x00000000f9880000)
  to   space 93696K, 0% used [0x00000000ee880000,0x00000000ee880000,0x00000000f4400000)
 ParOldGen       total 135680K, used 105743K [0x00000000a0000000, 0x00000000a8480000, 0x00000000e0000000)
  object space 135680K, 77% used [0x00000000a0000000,0x00000000a6743e30,0x00000000a8480000)
 Metaspace       used 77925K, capacity 83224K, committed 85632K, reserved 1124352K
  class space    used 9749K, capacity 10439K, committed 11136K, reserved 1048576K
}
Event: 5671.461 GC heap before
{Heap before GC invocations=65 (full 4):
 PSYoungGen      total 324608K, used 309592K [0x00000000e0000000, 0x00000000fa780000, 0x0000000100000000)
  eden space 238080K, 100% used [0x00000000e0000000,0x00000000ee880000,0x00000000ee880000)
  from space 86528K, 82% used [0x00000000f4400000,0x00000000f89d63e0,0x00000000f9880000)
  to   space 93696K, 0% used [0x00000000ee880000,0x00000000ee880000,0x00000000f4400000)
 ParOldGen       total 135680K, used 105743K [0x00000000a0000000, 0x00000000a8480000, 0x00000000e0000000)
  object space 135680K, 77% used [0x00000000a0000000,0x00000000a6743e30,0x00000000a8480000)
 Metaspace       used 77930K, capacity 83224K, committed 85632K, reserved 1124352K
  class space    used 9749K, capacity 10439K, committed 11136K, reserved 1048576K
Event: 5674.440 GC heap after
Heap after GC invocations=65 (full 4):
 PSYoungGen      total 331776K, used 93673K [0x00000000e0000000, 0x00000000fe780000, 0x0000000100000000)
  eden space 238080K, 0% used [0x00000000e0000000,0x00000000e0000000,0x00000000ee880000)
  from space 93696K, 99% used [0x00000000ee880000,0x00000000f43fa5a0,0x00000000f4400000)
  to   space 108544K, 0% used [0x00000000f7d80000,0x00000000f7d80000,0x00000000fe780000)
 ParOldGen       total 135680K, used 109496K [0x00000000a0000000, 0x00000000a8480000, 0x00000000e0000000)
  object space 135680K, 80% used [0x00000000a0000000,0x00000000a6aee238,0x00000000a8480000)
 Metaspace       used 77930K, capacity 83224K, committed 85632K, reserved 1124352K
  class space    used 9749K, capacity 10439K, committed 11136K, reserved 1048576K
}
Event: 5678.787 GC heap before
{Heap before GC invocations=66 (full 4):
 PSYoungGen      total 331776K, used 331753K [0x00000000e0000000, 0x00000000fe780000, 0x0000000100000000)
  eden space 238080K, 100% used [0x00000000e0000000,0x00000000ee880000,0x00000000ee880000)
  from space 93696K, 99% used [0x00000000ee880000,0x00000000f43fa5a0,0x00000000f4400000)
  to   space 108544K, 0% used [0x00000000f7d80000,0x00000000f7d80000,0x00000000fe780000)
 ParOldGen       total 135680K, used 109724K [0x00000000a0000000, 0x00000000a8480000, 0x00000000e0000000)
  object space 135680K, 80% used [0x00000000a0000000,0x00000000a6b27000,0x00000000a8480000)
 Metaspace       used 77934K, capacity 83224K, committed 85632K, reserved 1124352K
  class space    used 9749K, capacity 10439K, committed 11136K, reserved 1048576K
Event: 5680.284 GC heap after
Heap after GC invocations=66 (full 4):
 PSYoungGen      total 390656K, used 62373K [0x00000000e0000000, 0x00000000fe700000, 0x0000000100000000)
  eden space 282624K, 0% used [0x00000000e0000000,0x00000000e0000000,0x00000000f1400000)
  from space 108032K, 57% used [0x00000000f7d80000,0x00000000fba696f8,0x00000000fe700000)
  to   space 108032K, 0% used [0x00000000f1400000,0x00000000f1400000,0x00000000f7d80000)
 ParOldGen       total 135680K, used 131206K [0x00000000a0000000, 0x00000000a8480000, 0x00000000e0000000)
  object space 135680K, 96% used [0x00000000a0000000,0x00000000a8021920,0x00000000a8480000)
 Metaspace       used 77934K, capacity 83224K, committed 85632K, reserved 1124352K
  class space    used 9749K, capacity 10439K, committed 11136K, reserved 1048576K
}
Event: 5680.285 GC heap before
{Heap before GC invocations=67 (full 5):
 PSYoungGen      total 390656K, used 62373K [0x00000000e0000000, 0x00000000fe700000, 0x0000000100000000)
  eden space 282624K, 0% used [0x00000000e0000000,0x00000000e0000000,0x00000000f1400000)
  from space 108032K, 57% used [0x00000000f7d80000,0x00000000fba696f8,0x00000000fe700000)
  to   space 108032K, 0% used [0x00000000f1400000,0x00000000f1400000,0x00000000f7d80000)
 ParOldGen       total 135680K, used 131206K [0x00000000a0000000, 0x00000000a8480000, 0x00000000e0000000)
  object space 135680K, 96% used [0x00000000a0000000,0x00000000a8021920,0x00000000a8480000)
 Metaspace       used 77934K, capacity 83224K, committed 85632K, reserved 1124352K
  class space    used 9749K, capacity 10439K, committed 11136K, reserved 1048576K
Event: 5685.560 GC heap after
Heap after GC invocations=67 (full 5):
 PSYoungGen      total 390656K, used 0K [0x00000000e0000000, 0x00000000fe700000, 0x0000000100000000)
  eden space 282624K, 0% used [0x00000000e0000000,0x00000000e0000000,0x00000000f1400000)
  from space 108032K, 0% used [0x00000000f7d80000,0x00000000f7d80000,0x00000000fe700000)
  to   space 108032K, 0% used [0x00000000f1400000,0x00000000f1400000,0x00000000f7d80000)
 ParOldGen       total 137216K, used 80774K [0x00000000a0000000, 0x00000000a8600000, 0x00000000e0000000)
  object space 137216K, 58% used [0x00000000a0000000,0x00000000a4ee1aa0,0x00000000a8600000)
 Metaspace       used 77934K, capacity 83224K, committed 85632K, reserved 1124352K
  class space    used 9749K, capacity 10439K, committed 11136K, reserved 1048576K
}

